Build started 09/06/2016 08:49:02.
     1>Project "C:\Users\Chat\Documents\GitHub\DDA_Reader\DDA_Reader.vcxproj" on node 2 (Build target(s)).
     1>ClCompile:
         C:\Program Files (x86)\Microsoft Visual Studio 12.0\VC\bin\CL.exe /c /Zi /nologo /W3 /WX- /sdl- /Ox /Oy- /D _MBCS /Gm /EHsc /MD /GS /fp:precise /Zc:wchar_t /Zc:forScope /Fo"Debug\\" /Fd"Debug\vc120.pdb" /Gd /TP /analyze- /errorReport:prompt DDA_Parser.cpp
         DDA_Parser.cpp
     1>DDA_Parser.cpp(13): error C2275: 'std::u32string' : illegal use of this type as an expression
     1>Done Building Project "C:\Users\Chat\Documents\GitHub\DDA_Reader\DDA_Reader.vcxproj" (Build target(s)) -- FAILED.

Build FAILED.

Time Elapsed 00:00:00.36
